<?xml version="1.0" encoding="UTF-8"?>
<!-- Generated by org.testng.reporters.JUnitXMLReporter -->
<testsuite ignored="1" hostname="LAPTOP-S057F7T2" failures="2" tests="3" name="OrangeHRMTest" time="636.271" errors="0" timestamp="2026-06-03T15:20:58 IST">
  <testcase classname="com.orangehrm.tests.DummyTest" name="test" time="0.016"/>
  <testcase classname="com.orangehrm.tests.LoginPagetest" name="invalidLoginTest" time="242.742">
    <failure type="java.lang.AssertionError" message="Test Failed: Error Message expected [true] but found [false]">
      <![CDATA[java.lang.AssertionError: Test Failed: Error Message expected [true] but found [false]
at com.orangehrm.tests.LoginPagetest.invalidLoginTest(LoginPagetest.java:38)
at java.base/java.util.ArrayList.forEach(ArrayList.java:1596)
... Removed 28 stack frames]]>
    </failure>
  </testcase> <!-- invalidLoginTest -->
  <testcase classname="com.orangehrm.tests.LoginPagetest" name="verifyValidLogin" time="242.587">
    <failure type="java.lang.AssertionError" message="Admin Tab should be visible after successful login expected [true] but found [false]">
      <![CDATA[java.lang.AssertionError: Admin Tab should be visible after successful login expected [true] but found [false]
at com.orangehrm.tests.LoginPagetest.verifyValidLogin(LoginPagetest.java:29)
at java.base/java.util.ArrayList.forEach(ArrayList.java:1596)
... Removed 28 stack frames]]>
    </failure>
  </testcase> <!-- verifyValidLogin -->
  <testcase classname="com.orangehrm.base.BaseClass" name="@BeforeSuite loadConfig" time="0.0">
    <ignored/>
  </testcase> <!-- @BeforeSuite loadConfig -->
</testsuite> <!-- OrangeHRMTest -->
